Start testing: Nov 14 16:25 UTC
----------------------------------------------------------
1/2 Testing: BasicTest.GoogleTestWorks
1/2 Test: BasicTest.GoogleTestWorks
Command: "/home/runner/work/AMSwarm/AMSwarm/build-test/tests/amswarm_tests" "--gtest_filter=BasicTest.GoogleTestWorks" "--gtest_also_run_disabled_tests"
Directory: /home/runner/work/AMSwarm/AMSwarm/build-test/tests
"BasicTest.GoogleTestWorks" start time: Nov 14 16:25 UTC
Output:
----------------------------------------------------------
Note: Google Test filter = BasicTest.GoogleTestWorks
[==========] Running 1 test from 1 test suite.
[----------] Global test environment set-up.
[----------] 1 test from BasicTest
[ RUN      ] BasicTest.GoogleTestWorks
[       OK ] BasicTest.GoogleTestWorks (0 ms)
[----------] 1 test from BasicTest (0 ms total)

[----------] Global test environment tear-down
[==========] 1 test from 1 test suite ran. (0 ms total)
[  PASSED  ] 1 test.
<end of output>
Test time =   0.00 sec
----------------------------------------------------------
Test Passed.
"BasicTest.GoogleTestWorks" end time: Nov 14 16:25 UTC
"BasicTest.GoogleTestWorks" time elapsed: 00:00:00
----------------------------------------------------------

2/2 Testing: UtilsTest.BasicFunctionality
2/2 Test: UtilsTest.BasicFunctionality
Command: "/home/runner/work/AMSwarm/AMSwarm/build-test/tests/amswarm_tests" "--gtest_filter=UtilsTest.BasicFunctionality" "--gtest_also_run_disabled_tests"
Directory: /home/runner/work/AMSwarm/AMSwarm/build-test/tests
"UtilsTest.BasicFunctionality" start time: Nov 14 16:25 UTC
Output:
----------------------------------------------------------
Note: Google Test filter = UtilsTest.BasicFunctionality
[==========] Running 1 test from 1 test suite.
[----------] Global test environment set-up.
[----------] 1 test from UtilsTest
[ RUN      ] UtilsTest.BasicFunctionality
[       OK ] UtilsTest.BasicFunctionality (0 ms)
[----------] 1 test from UtilsTest (0 ms total)

[----------] Global test environment tear-down
[==========] 1 test from 1 test suite ran. (0 ms total)
[  PASSED  ] 1 test.
<end of output>
Test time =   0.00 sec
----------------------------------------------------------
Test Passed.
"UtilsTest.BasicFunctionality" end time: Nov 14 16:25 UTC
"UtilsTest.BasicFunctionality" time elapsed: 00:00:00
----------------------------------------------------------

End testing: Nov 14 16:25 UTC
